<?xml version="1.0" encoding="UTF-8"?>
<!-- Generated by org.testng.reporters.JUnitReportReporter -->
<testsuite hostname="yasmeena" failures="0" tests="1" name="additemstocart.add_items" time="4.079" errors="0" timestamp="2024-03-04T12:21:31 EET" skipped="0">
  <testcase classname="additemstocart.add_items" name="mytest" time="4.079"/>
  <system-out/>
</testsuite> <!-- additemstocart.add_items -->
